1613734878242	mozrunner::runner	INFO	Running command: "/usr/bin/firefox" "-marionette" "-foreground" "-no-remote" "-profile" "/tmp/rust_mozprofile.NbjpiIVOFzPj"
console.warn: SearchSettings: "get: No settings file exists, new profile?" (new Error("", "(unknown module)"))
console.warn: SearchSettings: "get: No settings file exists, new profile?" (new Error("", "(unknown module)"))
1613734890199	Marionette	INFO	Listening on port 42153
1613734890493	Marionette	WARN	TLS certificate errors will be ignored for this session
1613734890556	Marionette	ERROR	[15] No reply from Marionette:Register
1613734903740	Marionette	INFO	Stopped listening on port 42153
1613734914039	mozrunner::runner	INFO	Running command: "/usr/bin/firefox" "-marionette" "-foreground" "-no-remote" "-profile" "/tmp/rust_mozprofile.xTcAv3Wrcopf"
console.warn: SearchSettings: "get: No settings file exists, new profile?" (new Error("", "(unknown module)"))
console.warn: SearchSettings: "get: No settings file exists, new profile?" (new Error("", "(unknown module)"))
1613734924995	Marionette	INFO	Listening on port 42367
1613734925187	Marionette	WARN	TLS certificate errors will be ignored for this session
1613734925275	Marionette	ERROR	[15] No reply from Marionette:Register
1613734989390	mozrunner::runner	INFO	Running command: "/usr/bin/firefox" "-marionette" "-foreground" "-no-remote" "-profile" "/tmp/rust_mozprofile.wI2cS4yZMeoD"
console.warn: SearchSettings: "get: No settings file exists, new profile?" (new Error("", "(unknown module)"))
1613735000991	Marionette	INFO	Listening on port 36863
1613735001145	Marionette	WARN	TLS certificate errors will be ignored for this session
1613735001208	Marionette	ERROR	[18] No reply from Marionette:Register
console.warn: SearchSettings: "get: No settings file exists, new profile?" (new Error("", "(unknown module)"))
1613735005057	Marionette	INFO	Stopped listening on port 42367
1613735021846	mozrunner::runner	INFO	Running command: "/usr/bin/firefox" "-marionette" "-foreground" "-no-remote" "-profile" "/tmp/rust_mozprofile.iCNfHKwD2PUe"
console.warn: SearchSettings: "get: No settings file exists, new profile?" (new Error("", "(unknown module)"))
console.warn: SearchSettings: "get: No settings file exists, new profile?" (new Error("", "(unknown module)"))
1613735033642	Marionette	INFO	Listening on port 40113
1613735033808	Marionette	WARN	TLS certificate errors will be ignored for this session
1613735033870	Marionette	ERROR	[15] No reply from Marionette:Register
1613735047990	Marionette	INFO	Stopped listening on port 40113
1613735049936	Marionette	INFO	Stopped listening on port 36863
JavaScript error: resource://gre/modules/CrashManager.jsm, line 789: AbortError: Could not dispatch task to background thread
1613735072966	mozrunner::runner	INFO	Running command: "/usr/bin/firefox" "-marionette" "-foreground" "-no-remote" "-profile" "/tmp/rust_mozprofile.BKjo0pAF284o"
console.warn: SearchSettings: "get: No settings file exists, new profile?" (new Error("", "(unknown module)"))
console.warn: SearchSettings: "get: No settings file exists, new profile?" (new Error("", "(unknown module)"))
1613735084178	Marionette	INFO	Listening on port 41725
1613735084327	Marionette	WARN	TLS certificate errors will be ignored for this session
1613735084398	Marionette	ERROR	[15] No reply from Marionette:Register
1613735091040	Marionette	INFO	Stopped listening on port 41725
JavaScript error: resource://activity-stream/lib/ASRouter.jsm, line 987: NS_ERROR_ILLEGAL_VALUE: Component returned failure code: 0x80070057 (NS_ERROR_ILLEGAL_VALUE) [nsIObserverService.removeObserver]
1613735095869	mozrunner::runner	INFO	Running command: "/usr/bin/firefox" "-marionette" "-foreground" "-no-remote" "-profile" "/tmp/rust_mozprofile.EtueRyZa0b4F"
console.warn: SearchSettings: "get: No settings file exists, new profile?" (new Error("", "(unknown module)"))
console.warn: SearchSettings: "get: No settings file exists, new profile?" (new Error("", "(unknown module)"))
1613735107354	Marionette	INFO	Listening on port 40773
1613735107515	Marionette	WARN	TLS certificate errors will be ignored for this session
1613735107568	Marionette	ERROR	[15] No reply from Marionette:Register
1613735115886	Marionette	INFO	Stopped listening on port 40773
1613735246835	mozrunner::runner	INFO	Running command: "/usr/bin/firefox" "-marionette" "-foreground" "-no-remote" "-profile" "/tmp/rust_mozprofile.MHtGMhz6weoQ"
console.warn: SearchSettings: "get: No settings file exists, new profile?" (new Error("", "(unknown module)"))
console.warn: SearchSettings: "get: No settings file exists, new profile?" (new Error("", "(unknown module)"))
1613735258165	Marionette	INFO	Listening on port 45485
1613735258311	Marionette	WARN	TLS certificate errors will be ignored for this session
1613735258356	Marionette	ERROR	[15] No reply from Marionette:Register
1613735488380	mozrunner::runner	INFO	Running command: "/usr/bin/firefox" "-marionette" "-foreground" "-no-remote" "-profile" "/tmp/rust_mozprofile.7H4MtAZJ8Kxz"
console.warn: SearchSettings: "get: No settings file exists, new profile?" (new Error("", "(unknown module)"))
console.warn: SearchSettings: "get: No settings file exists, new profile?" (new Error("", "(unknown module)"))
1613735499996	Marionette	INFO	Listening on port 36783
1613735500140	Marionette	WARN	TLS certificate errors will be ignored for this session
1613735500201	Marionette	ERROR	[15] No reply from Marionette:Register
1613735587824	mozrunner::runner	INFO	Running command: "/usr/bin/firefox" "-marionette" "-foreground" "-no-remote" "-profile" "/tmp/rust_mozprofile.135HrsiSyBUA"
console.warn: SearchSettings: "get: No settings file exists, new profile?" (new Error("", "(unknown module)"))
1613735598167	Marionette	INFO	Stopped listening on port 36783
1613735598994	Marionette	INFO	Stopped listening on port 45485
console.warn: SearchSettings: "get: No settings file exists, new profile?" (new Error("", "(unknown module)"))
1613735600213	Marionette	INFO	Listening on port 42979
1613735600424	Marionette	WARN	TLS certificate errors will be ignored for this session
1613735600497	Marionette	ERROR	[15] No reply from Marionette:Register
1613735607478	Marionette	INFO	Stopped listening on port 42979

###!!! [Parent][MessageChannel] Error: (msgtype=0x1F0011,name=PBackgroundStorage::Msg_Observe) Channel error: cannot send/recv


###!!! [Parent][MessageChannel] Error: (msgtype=0x1F0011,name=PBackgroundStorage::Msg_Observe) Channel error: cannot send/recv

JavaScript error: resource://gre/modules/UrlClassifierListManager.jsm, line 691: TypeError: this.tablesData[table] is undefined
